2017-10-05T23:08:32.655Z - [32minfo[39m: [SERVER] Wiki.js is initializing...
2017-10-05T23:08:32.829Z - [32minfo[39m: [SERVER] Checking data directories...
2017-10-05T23:08:32.831Z - [32minfo[39m: [SERVER] Data and Repository directories are OK.
2017-10-05T23:08:33.196Z - [32minfo[39m: [SERVER] Checking Git repository...
2017-10-05T23:08:34.739Z - [32minfo[39m: [SERVER] Starting HTTP/WS server on port 8090...
2017-10-05T23:08:34.771Z - [32minfo[39m: [SERVER] HTTP/WS server started successfully! [RUNNING]
2017-10-05T23:08:34.837Z - [32minfo[39m: [SERVER] Search index flushed and ready.
2017-10-05T23:08:34.924Z - [32minfo[39m: [SERVER] Git repository is OK.
2017-10-05T23:08:35.004Z - [32minfo[39m: [AGENT] Background Agent is initializing...
2017-10-05T23:08:35.759Z - [32minfo[39m: [AGENT] Checking Git repository...
2017-10-05T23:08:36.509Z - [32minfo[39m: [AGENT] Running all jobs...
2017-10-05T23:08:36.509Z - [32minfo[39m: [AGENT] Performing pull from remote Git repository...
2017-10-05T23:08:36.565Z - [32minfo[39m: [AGENT] Git repository is OK.
2017-10-05T23:08:36.921Z - [32minfo[39m: [AGENT] Git Pull completed.
2017-10-05T23:08:36.928Z - [32minfo[39m: [AGENT] Git Push skipped. Repository is already in sync.
2017-10-05T23:08:37.019Z - [32minfo[39m: [AGENT] All jobs completed successfully! Going to sleep for now.
2017-10-05T23:10:00.040Z - [32minfo[39m: [AGENT] Running all jobs...
2017-10-05T23:10:00.041Z - [32minfo[39m: [AGENT] Performing pull from remote Git repository...
2017-10-05T23:10:00.647Z - [32minfo[39m: [AGENT] Git Pull completed.
2017-10-05T23:10:00.655Z - [32minfo[39m: [AGENT] Git Push skipped. Repository is already in sync.
2017-10-05T23:10:00.689Z - [32minfo[39m: [AGENT] All jobs completed successfully! Going to sleep for now.
