{ Error: Cannot find module './build/Release/DTraceProviderBindings'
    at Function.Module._resolveFilename (module.js:527:15)
    at Function.Module._load (module.js:476:23)
    at Module.require (module.js:568:17)
    at require (internal/module.js:11:18)
    at Object.<anonymous> (/Users/jbrown/Drive/code/wikijs-test/node_modules/dtrace-provider/dtrace-provider.js:17:23)
    at Module._compile (module.js:624:30)
    at Object.Module._extensions..js (module.js:635:10)
    at Module.load (module.js:545:32)
    at tryModuleLoad (module.js:508:12)
    at Function.Module._load (module.js:500:3)
    at Module.require (module.js:568:17)
    at require (internal/module.js:11:18)
    at Object.<anonymous> (/Users/jbrown/Drive/code/wikijs-test/node_modules/bunyan/lib/bunyan.js:79:18)
    at Module._compile (module.js:624:30)
    at Object.Module._extensions..js (module.js:635:10)
    at Module.load (module.js:545:32)
    at tryModuleLoad (module.js:508:12)
    at Function.Module._load (module.js:500:3)
    at Module.require (module.js:568:17)
    at require (internal/module.js:11:18)
    at Object.<anonymous> (/Users/jbrown/Drive/code/wikijs-test/server/libs/search-index/index.js:1:78)
    at Module._compile (module.js:624:30) code: 'MODULE_NOT_FOUND' }
{ Error: Cannot find module './build/default/DTraceProviderBindings'
    at Function.Module._resolveFilename (module.js:527:15)
    at Function.Module._load (module.js:476:23)
    at Module.require (module.js:568:17)
    at require (internal/module.js:11:18)
    at Object.<anonymous> (/Users/jbrown/Drive/code/wikijs-test/node_modules/dtrace-provider/dtrace-provider.js:17:23)
    at Module._compile (module.js:624:30)
    at Object.Module._extensions..js (module.js:635:10)
    at Module.load (module.js:545:32)
    at tryModuleLoad (module.js:508:12)
    at Function.Module._load (module.js:500:3)
    at Module.require (module.js:568:17)
    at require (internal/module.js:11:18)
    at Object.<anonymous> (/Users/jbrown/Drive/code/wikijs-test/node_modules/bunyan/lib/bunyan.js:79:18)
    at Module._compile (module.js:624:30)
    at Object.Module._extensions..js (module.js:635:10)
    at Module.load (module.js:545:32)
    at tryModuleLoad (module.js:508:12)
    at Function.Module._load (module.js:500:3)
    at Module.require (module.js:568:17)
    at require (internal/module.js:11:18)
    at Object.<anonymous> (/Users/jbrown/Drive/code/wikijs-test/server/libs/search-index/index.js:1:78)
    at Module._compile (module.js:624:30) code: 'MODULE_NOT_FOUND' }
{ Error: Cannot find module './build/Debug/DTraceProviderBindings'
    at Function.Module._resolveFilename (module.js:527:15)
    at Function.Module._load (module.js:476:23)
    at Module.require (module.js:568:17)
    at require (internal/module.js:11:18)
    at Object.<anonymous> (/Users/jbrown/Drive/code/wikijs-test/node_modules/dtrace-provider/dtrace-provider.js:17:23)
    at Module._compile (module.js:624:30)
    at Object.Module._extensions..js (module.js:635:10)
    at Module.load (module.js:545:32)
    at tryModuleLoad (module.js:508:12)
    at Function.Module._load (module.js:500:3)
    at Module.require (module.js:568:17)
    at require (internal/module.js:11:18)
    at Object.<anonymous> (/Users/jbrown/Drive/code/wikijs-test/node_modules/bunyan/lib/bunyan.js:79:18)
    at Module._compile (module.js:624:30)
    at Object.Module._extensions..js (module.js:635:10)
    at Module.load (module.js:545:32)
    at tryModuleLoad (module.js:508:12)
    at Function.Module._load (module.js:500:3)
    at Module.require (module.js:568:17)
    at require (internal/module.js:11:18)
    at Object.<anonymous> (/Users/jbrown/Drive/code/wikijs-test/server/libs/search-index/index.js:1:78)
    at Module._compile (module.js:624:30) code: 'MODULE_NOT_FOUND' }
